#
# A fatal error has been detected by the Java Runtime Environment:
#
#  SIGSEGV (0xb) at pc=0x00007f983c004990, pid=12120, tid=140292233451264
#
# JRE version: Java(TM) SE Runtime Environment (8.0_45-b14) (build 1.8.0_45-b14)
# Java VM: Java HotSpot(TM) 64-Bit Server VM (25.45-b02 mixed mode linux-amd64 compressed oops)
# Problematic frame:
# C  0x00007f983c004990
#
# Failed to write core dump. Core dumps have been disabled. To enable core dumping, try "ulimit -c unlimited" before starting Java again
#
# If you would like to submit a bug report, please visit:
#   http://bugreport.java.com/bugreport/crash.jsp
#

---------------  T H R E A D  ---------------

Current thread (0x00007f98680be000):  JavaThread "JDWP Transport Listener: dt_socket" daemon [_thread_in_vm, id=12136, stack(0x00007f9854ad5000,0x00007f9854bd6000)]

siginfo: si_signo: 11 (SIGSEGV), si_code: 2 (SEGV_ACCERR), si_addr: 0x00007f983c004990

Registers:
RAX=0x00007f983c006660, RBX=0x00007f983c000078, RCX=0x00007f986f150320, RDX=0x00007f986e72dca0
RSP=0x00007f9854bd4708, RBP=0x00007f9854bd4720, RSI=0x00007f98680be000, RDI=0x00007f983c000078
R8 =0x0000000000000000, R9 =0x00007f983c005d70, R10=0x0000000000000010, R11=0x00007f986e8dee70
R12=0x0000000000000017, R13=0x00007f983c000088, R14=0x00007f98680be000, R15=0x00007f9854bd4827
RIP=0x00007f983c004990, EFLAGS=0x0000000000010206, CSGSFS=0x0000000000000033, ERR=0x0000000000000015
  TRAPNO=0x000000000000000e

Top of Stack: (sp=0x00007f9854bd4708)
0x00007f9854bd4708:   00007f986e029447 0000000000000074
0x00007f9854bd4718:   00007f98680034c0 00007f9854bd4790
0x00007f9854bd4728:   00007f986debaf9e 0000000000000073
0x00007f9854bd4738:   00007f9854bd4740 00007f98680be000
0x00007f9854bd4748:   0000000000000000 00007f9800000000
0x00007f9854bd4758:   0000000000000000 00007f9854bd4780
0x00007f9854bd4768:   00007f986ce46e40 00007f983c000088
0x00007f9854bd4778:   00007f9854bd4827 0000000000000009
0x00007f9854bd4788:   00007f9854bd4827 00007f9854bd47c0
0x00007f9854bd4798:   00007f986cc328c2 00007f9854bd47c0
0x00007f9854bd47a8:   00007f983c000088 00007f9854bd4890
0x00007f9854bd47b8:   0000000000000048 00007f9854bd4850
0x00007f9854bd47c8:   00007f986cc13aa0 00007f9854bd4808
0x00007f9854bd47d8:   00007f9854bd4800 00007f9854bd47f8
0x00007f9854bd47e8:   00007f9854bd481c 000000013c002e00
0x00007f9854bd47f8:   0000000000000000 0000000000000000
0x00007f9854bd4808:   0000000000000000 00007f983c006120
0x00007f9854bd4818:   0000000a54bd4890 000000000000000a
0x00007f9854bd4828:   0000000000000002 000000000000000f
0x00007f9854bd4838:   0000000000000002 00000000000f0200
0x00007f9854bd4848:   000000000000000f 00007f9854bd4aa0
0x00007f9854bd4858:   00007f986cc1e9c6 0000065200000013
0x00007f9854bd4868:   00007f986d0f0200 00007f9834001aa0
0x00007f9854bd4878:   0000000000000000 00007f9854bd4890
0x00007f9854bd4888:   00007f9854bd4a20 00007f983c00643d
0x00007f9854bd4898:   00007f980000022b 00007f983c003c60
0x00007f9854bd48a8:   000000000000012c 00007f9854bd48e0
0x00007f9854bd48b8:   00007f983c003c60 00007f0000000000
0x00007f9854bd48c8:   000006520000001c 00007f9800004a80
0x00007f9854bd48d8:   00007f9854bd48e0 987f00000a000000
0x00007f9854bd48e8:   06000000503a003c 00003e74696e693c
0x00007f9854bd48f8:   0000005629280300 7f00000100000000 

Instructions: (pc=0x00007f983c004990)
0x00007f983c004970:   e0 95 94 ed 00 00 00 00 58 95 94 ed 00 00 00 00
0x00007f983c004980:   40 94 94 ed 00 00 00 00 c8 93 94 ed 00 00 00 00
0x00007f983c004990:   08 93 94 ed 00 00 00 00 90 92 94 ed 00 00 00 00
0x00007f983c0049a0:   98 91 94 ed 00 00 00 00 60 39 94 ed 00 00 00 00 

Register to memory mapping:

RAX=0x00007f983c006660 is an unknown value
RBX=0x00007f983c000078 is an unknown value
RCX=0x00007f986f150320: <offset 0x219320> in /lib/x86_64-linux-gnu/libpthread.so.0 at 0x00007f986ef37000
RDX=0x00007f986e72dca0: <offset 0xf9dca0> in /usr/lib/jvm/java-8-oracle/jre/lib/amd64/server/libjvm.so at 0x00007f986d790000
RSP=0x00007f9854bd4708 is pointing into the stack for thread: 0x00007f98680be000
RBP=0x00007f9854bd4720 is pointing into the stack for thread: 0x00007f98680be000
RSI=0x00007f98680be000 is a thread
RDI=0x00007f983c000078 is an unknown value
R8 =0x0000000000000000 is an unknown value
R9 =0x00007f983c005d70 is an unknown value
R10=0x0000000000000010 is an unknown value
R11=0x00007f986e8dee70: <offset 0x186e70> in /lib/x86_64-linux-gnu/libc.so.6 at 0x00007f986e758000
R12=0x0000000000000017 is an unknown value
R13=0x00007f983c000088 is an unknown value
R14=0x00007f98680be000 is a thread
R15=0x00007f9854bd4827 is pointing into the stack for thread: 0x00007f98680be000


Stack: [0x00007f9854ad5000,0x00007f9854bd6000],  sp=0x00007f9854bd4708,  free space=1021k
Native frames: (J=compiled Java code, j=interpreted, Vv=VM code, C=native code)
C  0x00007f983c004990
V  [libjvm.so+0x72af9e]  jvmti_IsMethodSynthetic+0x2be
C  [libjdwp.so+0x258c2]  isMethodSynthetic+0x42
C  [libjdwp.so+0x6aa0]  methods1+0x1b0
C  [libjdwp.so+0x119c6]  debugLoop_run+0x2b6
C  [libjdwp.so+0x247ff]  attachThread+0x2f
V  [libjvm.so+0x797102]  JvmtiAgentThread::call_start_function()+0xc2
V  [libjvm.so+0xa5c86f]  JavaThread::thread_main_inner()+0xdf
V  [libjvm.so+0xa5c99c]  JavaThread::run()+0x11c
V  [libjvm.so+0x910de8]  java_start(Thread*)+0x108
C  [libpthread.so.0+0x8182]  start_thread+0xc2


---------------  P R O C E S S  ---------------

Java Threads: ( => current thread )
  0x00007f98680cb800 JavaThread "Service Thread" daemon [_thread_blocked, id=12145, stack(0x00007f98545d0000,0x00007f98546d1000)]
  0x00007f98680c6800 JavaThread "C1 CompilerThread1" daemon [_thread_blocked, id=12144, stack(0x00007f98546d1000,0x00007f98547d2000)]
  0x00007f98680c3800 JavaThread "C2 CompilerThread0" daemon [_thread_blocked, id=12143, stack(0x00007f98547d2000,0x00007f98548d3000)]
  0x00007f983c001000 JavaThread "JDWP Command Reader" daemon [_thread_in_native, id=12140, stack(0x00007f98548d3000,0x00007f98549d4000)]
  0x00007f98680c1800 JavaThread "JDWP Event Helper Thread" daemon [_thread_blocked, id=12139, stack(0x00007f98549d4000,0x00007f9854ad5000)]
=>0x00007f98680be000 JavaThread "JDWP Transport Listener: dt_socket" daemon [_thread_in_vm, id=12136, stack(0x00007f9854ad5000,0x00007f9854bd6000)]
  0x00007f98680b1800 JavaThread "Signal Dispatcher" daemon [_thread_blocked, id=12134, stack(0x00007f9854dda000,0x00007f9854edb000)]
  0x00007f986807d000 JavaThread "Finalizer" daemon [_thread_blocked, id=12132, stack(0x00007f9854edb000,0x00007f9854fdc000)]
  0x00007f986807a800 JavaThread "Reference Handler" daemon [_thread_blocked, id=12131, stack(0x00007f9854fdc000,0x00007f98550dd000)]
  0x00007f986800c000 JavaThread "main" [_thread_blocked, id=12126, stack(0x00007f986f251000,0x00007f986f352000)]

Other Threads:
  0x00007f9868075800 VMThread [stack: 0x00007f98550dd000,0x00007f98551de000] [id=12130]
  0x00007f98680ce000 WatcherThread [stack: 0x00007f98544cf000,0x00007f98545d0000] [id=12146]

VM state:not at safepoint (normal execution)

VM Mutex/Monitor currently owned by a thread: None

Heap:
 PSYoungGen      total 16896K, used 1485K [0x00000000ed900000, 0x00000000eeb80000, 0x0000000100000000)
  eden space 14848K, 10% used [0x00000000ed900000,0x00000000eda734a8,0x00000000ee780000)
  from space 2048K, 0% used [0x00000000ee980000,0x00000000ee980000,0x00000000eeb80000)
  to   space 2048K, 0% used [0x00000000ee780000,0x00000000ee780000,0x00000000ee980000)
 ParOldGen       total 38400K, used 0K [0x00000000c8a00000, 0x00000000caf80000, 0x00000000ed900000)
  object space 38400K, 0% used [0x00000000c8a00000,0x00000000c8a00000,0x00000000caf80000)
 Metaspace       used 2561K, capacity 4566K, committed 4864K, reserved 1056768K
  class space    used 269K, capacity 390K, committed 512K, reserved 1048576K

Card table byte_map: [0x00007f986c02b000,0x00007f986c1e7000] byte_map_base: 0x00007f986b9e6000

Marking Bits: (ParMarkBitMap*) 0x00007f986e72d760
 Begin Bits: [0x00007f9856733000, 0x00007f985750b000)
 End Bits:   [0x00007f985750b000, 0x00007f98582e3000)

Polling page: 0x00007f986f374000

CodeCache: size=245760Kb used=1077Kb max_used=1077Kb free=244682Kb
 bounds [0x00007f98589cd000, 0x00007f9858c3d000, 0x00007f98679cd000]
 total_blobs=233 nmethods=14 adapters=143
 compilation: enabled

Compilation events (10 events):
Event: 0,793 Thread 0x00007f98680c6800   10       3       java.lang.AbstractStringBuilder::ensureCapacityInternal (16 bytes)
Event: 0,794 Thread 0x00007f98680c6800 nmethod 10 0x00007f9858ad8b10 code [0x00007f9858ad8c80, 0x00007f9858ad8ee8]
Event: 0,804 Thread 0x00007f98680c6800   11       1       java.lang.ThreadLocal::access$400 (5 bytes)
Event: 0,804 Thread 0x00007f98680c6800 nmethod 11 0x00007f9858ace410 code [0x00007f9858ace560, 0x00007f9858ace650]
Event: 0,834 Thread 0x00007f98680c6800   12       3       java.util.Arrays::copyOfRange (63 bytes)
Event: 0,840 Thread 0x00007f98680c6800 nmethod 12 0x00007f9858ad8fd0 code [0x00007f9858ad9200, 0x00007f9858ad9d58]
Event: 0,853 Thread 0x00007f98680c6800   13       3       java.lang.StringBuilder::append (8 bytes)
Event: 0,855 Thread 0x00007f98680c6800 nmethod 13 0x00007f9858ad7c10 code [0x00007f9858ad7da0, 0x00007f9858ad8128]
Event: 0,881 Thread 0x00007f98680c6800   14       3       java.lang.String::getChars (62 bytes)
Event: 0,883 Thread 0x00007f98680c6800 nmethod 14 0x00007f9858ada310 code [0x00007f9858ada4e0, 0x00007f9858ada978]

GC Heap History (0 events):
No events

Deoptimization events (0 events):
No events

Internal exceptions (2 events):
Event: 0,256 Thread 0x00007f986800c000 Exception <a 'java/lang/NoSuchMethodError': Method sun.misc.Unsafe.defineClass(Ljava/lang/String;[BII)Ljava/lang/Class; name or signature does not match> (0x00000000ed912a38) thrown at [/RE-WORK/workspace/8-2-build-linux-amd64/jdk8u45/3457/hotspot/src/sha
Event: 0,256 Thread 0x00007f986800c000 Exception <a 'java/lang/NoSuchMethodError': Method sun.misc.Unsafe.prefetchRead(Ljava/lang/Object;J)V name or signature does not match> (0x00000000ed912cc8) thrown at [/RE-WORK/workspace/8-2-build-linux-amd64/jdk8u45/3457/hotspot/src/share/vm/prims/jni.cp

Events (10 events):
Event: 1586,471 Executing VM operation: ChangeBreakpoints
Event: 1586,471 Executing VM operation: ChangeBreakpoints done
Event: 1889,638 Executing VM operation: RedefineClasses
Event: 1889,639 Executing VM operation: RedefineClasses done
Event: 1889,676 Executing VM operation: ChangeBreakpoints
Event: 1889,676 Executing VM operation: ChangeBreakpoints done
Event: 1889,723 Executing VM operation: ChangeBreakpoints
Event: 1889,724 Executing VM operation: ChangeBreakpoints done
Event: 5765,091 Executing VM operation: RedefineClasses
Event: 5765,092 Executing VM operation: RedefineClasses done


Dynamic libraries:
00400000-00401000 r-xp 00000000 08:02 2111694                            /usr/lib/jvm/java-8-oracle/bin/java
00600000-00601000 rw-p 00000000 08:02 2111694                            /usr/lib/jvm/java-8-oracle/bin/java
01e20000-01e41000 rw-p 00000000 00:00 0                                  [heap]
c8a00000-caf80000 rw-p 00000000 00:00 0 
caf80000-ed900000 ---p 00000000 00:00 0 
ed900000-eeb80000 rw-p 00000000 00:00 0 
eeb80000-100000000 ---p 00000000 00:00 0 
100000000-100080000 rw-p 00000000 00:00 0 
100080000-140000000 ---p 00000000 00:00 0 
7f9820000000-7f9820021000 rw-p 00000000 00:00 0 
7f9820021000-7f9824000000 ---p 00000000 00:00 0 
7f9824000000-7f9824021000 rw-p 00000000 00:00 0 
7f9824021000-7f9828000000 ---p 00000000 00:00 0 
7f9828000000-7f9828046000 rw-p 00000000 00:00 0 
7f9828046000-7f982c000000 ---p 00000000 00:00 0 
7f982c000000-7f982c02d000 rw-p 00000000 00:00 0 
7f982c02d000-7f9830000000 ---p 00000000 00:00 0 
7f9830000000-7f9830021000 rw-p 00000000 00:00 0 
7f9830021000-7f9834000000 ---p 00000000 00:00 0 
7f9834000000-7f9834021000 rw-p 00000000 00:00 0 
7f9834021000-7f9838000000 ---p 00000000 00:00 0 
7f9838000000-7f9838021000 rw-p 00000000 00:00 0 
7f9838021000-7f983c000000 ---p 00000000 00:00 0 
7f983c000000-7f983c021000 rw-p 00000000 00:00 0 
7f983c021000-7f9840000000 ---p 00000000 00:00 0 
7f9840000000-7f9840021000 rw-p 00000000 00:00 0 
7f9840021000-7f9844000000 ---p 00000000 00:00 0 
7f9844000000-7f9844021000 rw-p 00000000 00:00 0 
7f9844021000-7f9848000000 ---p 00000000 00:00 0 
7f9848000000-7f9848021000 rw-p 00000000 00:00 0 
7f9848021000-7f984c000000 ---p 00000000 00:00 0 
7f984c000000-7f984c021000 rw-p 00000000 00:00 0 
7f984c021000-7f9850000000 ---p 00000000 00:00 0 
7f9850000000-7f9850021000 rw-p 00000000 00:00 0 
7f9850021000-7f9854000000 ---p 00000000 00:00 0 
7f985424b000-7f98544cf000 rw-p 00000000 00:00 0 
7f98544cf000-7f98544d0000 ---p 00000000 00:00 0 
7f98544d0000-7f98545d0000 rw-p 00000000 00:00 0                          [stack:12146]
7f98545d0000-7f98545d3000 ---p 00000000 00:00 0 
7f98545d3000-7f98546d1000 rw-p 00000000 00:00 0                          [stack:12145]
7f98546d1000-7f98546d4000 ---p 00000000 00:00 0 
7f98546d4000-7f98547d2000 rw-p 00000000 00:00 0                          [stack:12144]
7f98547d2000-7f98547d5000 ---p 00000000 00:00 0 
7f98547d5000-7f98548d3000 rw-p 00000000 00:00 0                          [stack:12143]
7f98548d3000-7f98548d6000 ---p 00000000 00:00 0 
7f98548d6000-7f98549d4000 rw-p 00000000 00:00 0                          [stack:12140]
7f98549d4000-7f98549d7000 ---p 00000000 00:00 0 
7f98549d7000-7f9854ad5000 rw-p 00000000 00:00 0                          [stack:12139]
7f9854ad5000-7f9854ad8000 ---p 00000000 00:00 0 
7f9854ad8000-7f9854bd6000 rw-p 00000000 00:00 0                          [stack:12136]
7f9854bd6000-7f9854bda000 r-xp 00000000 08:02 1985921                    /usr/lib/jvm/java-8-oracle/jre/lib/amd64/libdt_socket.so
7f9854bda000-7f9854dd9000 ---p 00004000 08:02 1985921                    /usr/lib/jvm/java-8-oracle/jre/lib/amd64/libdt_socket.so
7f9854dd9000-7f9854dda000 rw-p 00003000 08:02 1985921                    /usr/lib/jvm/java-8-oracle/jre/lib/amd64/libdt_socket.so
7f9854dda000-7f9854ddd000 ---p 00000000 00:00 0 
7f9854ddd000-7f9854edb000 rw-p 00000000 00:00 0                          [stack:12134]
7f9854edb000-7f9854ede000 ---p 00000000 00:00 0 
7f9854ede000-7f9854fdc000 rw-p 00000000 00:00 0                          [stack:12132]
7f9854fdc000-7f9854fdf000 ---p 00000000 00:00 0 
7f9854fdf000-7f98550dd000 rw-p 00000000 00:00 0                          [stack:12131]
7f98550dd000-7f98550de000 ---p 00000000 00:00 0 
7f98550de000-7f9855b29000 rw-p 00000000 00:00 0                          [stack:12130]
7f9855b29000-7f9855d02000 r--s 03d09000 08:02 1985790                    /usr/lib/jvm/java-8-oracle/jre/lib/rt.jar
7f9855d02000-7f98561b8000 rw-p 00000000 00:00 0 
7f98561b8000-7f9856578000 ---p 00000000 00:00 0 
7f9856578000-7f98582e3000 rw-p 00000000 00:00 0 
7f98582e3000-7f98582e4000 ---p 00000000 00:00 0 
7f98582e4000-7f98583e4000 rw-p 00000000 00:00 0                          [stack:12129]
7f98583e4000-7f98583e5000 ---p 00000000 00:00 0 
7f98583e5000-7f98584f8000 rw-p 00000000 00:00 0                          [stack:12128]
7f98584f8000-7f985860d000 ---p 00000000 00:00 0 
7f985860d000-7f9858617000 rw-p 00000000 00:00 0 
7f9858617000-7f98589cd000 ---p 00000000 00:00 0 
7f98589cd000-7f9858c3d000 rwxp 00000000 00:00 0 
7f9858c3d000-7f98679cd000 ---p 00000000 00:00 0 
7f98679cd000-7f98679e7000 r-xp 00000000 08:02 1985940                    /usr/lib/jvm/java-8-oracle/jre/lib/amd64/libzip.so
7f98679e7000-7f9867be7000 ---p 0001a000 08:02 1985940                    /usr/lib/jvm/java-8-oracle/jre/lib/amd64/libzip.so
7f9867be7000-7f9867be8000 rw-p 0001a000 08:02 1985940                    /usr/lib/jvm/java-8-oracle/jre/lib/amd64/libzip.so
7f9867be8000-7f9867bf3000 r-xp 00000000 08:02 528447                     /lib/x86_64-linux-gnu/libnss_files-2.19.so
7f9867bf3000-7f9867df2000 ---p 0000b000 08:02 528447                     /lib/x86_64-linux-gnu/libnss_files-2.19.so
7f9867df2000-7f9867df3000 r--p 0000a000 08:02 528447                     /lib/x86_64-linux-gnu/libnss_files-2.19.so
7f9867df3000-7f9867df4000 rw-p 0000b000 08:02 528447                     /lib/x86_64-linux-gnu/libnss_files-2.19.so
7f9867df4000-7f9867dff000 r-xp 00000000 08:02 528457                     /lib/x86_64-linux-gnu/libnss_nis-2.19.so
7f9867dff000-7f9867ffe000 ---p 0000b000 08:02 528457                     /lib/x86_64-linux-gnu/libnss_nis-2.19.so
7f9867ffe000-7f9867fff000 r--p 0000a000 08:02 528457                     /lib/x86_64-linux-gnu/libnss_nis-2.19.so
7f9867fff000-7f9868000000 rw-p 0000b000 08:02 528457                     /lib/x86_64-linux-gnu/libnss_nis-2.19.so
7f9868000000-7f98680df000 rw-p 00000000 00:00 0 
7f98680df000-7f986c000000 ---p 00000000 00:00 0 
7f986c00a000-7f986c03e000 rw-p 00000000 00:00 0 
7f986c03e000-7f986c152000 ---p 00000000 00:00 0 
7f986c152000-7f986c15c000 rw-p 00000000 00:00 0 
7f986c15c000-7f986c1e6000 ---p 00000000 00:00 0 
7f986c1e6000-7f986c1e7000 rw-p 00000000 00:00 0 
7f986c1e7000-7f986c1fe000 r-xp 00000000 08:02 528441                     /lib/x86_64-linux-gnu/libnsl-2.19.so
7f986c1fe000-7f986c3fd000 ---p 00017000 08:02 528441                     /lib/x86_64-linux-gnu/libnsl-2.19.so
7f986c3fd000-7f986c3fe000 r--p 00016000 08:02 528441                     /lib/x86_64-linux-gnu/libnsl-2.19.so
7f986c3fe000-7f986c3ff000 rw-p 00017000 08:02 528441                     /lib/x86_64-linux-gnu/libnsl-2.19.so
7f986c3ff000-7f986c401000 rw-p 00000000 00:00 0 
7f986c401000-7f986c40a000 r-xp 00000000 08:02 528443                     /lib/x86_64-linux-gnu/libnss_compat-2.19.so
7f986c40a000-7f986c609000 ---p 00009000 08:02 528443                     /lib/x86_64-linux-gnu/libnss_compat-2.19.so
7f986c609000-7f986c60a000 r--p 00008000 08:02 528443                     /lib/x86_64-linux-gnu/libnss_compat-2.19.so
7f986c60a000-7f986c60b000 rw-p 00009000 08:02 528443                     /lib/x86_64-linux-gnu/libnss_compat-2.19.so
7f986c60b000-7f986ca0a000 r--p 00000000 08:02 1970408                    /usr/lib/locale/locale-archive
7f986ca0a000-7f986ca0c000 r-xp 00000000 08:02 1985920                    /usr/lib/jvm/java-8-oracle/jre/lib/amd64/libnpt.so
7f986ca0c000-7f986cc0c000 ---p 00002000 08:02 1985920                    /usr/lib/jvm/java-8-oracle/jre/lib/amd64/libnpt.so
7f986cc0c000-7f986cc0d000 rw-p 00002000 08:02 1985920                    /usr/lib/jvm/java-8-oracle/jre/lib/amd64/libnpt.so
7f986cc0d000-7f986cc46000 r-xp 00000000 08:02 1985946                    /usr/lib/jvm/java-8-oracle/jre/lib/amd64/libjdwp.so
7f986cc46000-7f986ce45000 ---p 00039000 08:02 1985946                    /usr/lib/jvm/java-8-oracle/jre/lib/amd64/libjdwp.so
7f986ce45000-7f986ce47000 rw-p 00038000 08:02 1985946                    /usr/lib/jvm/java-8-oracle/jre/lib/amd64/libjdwp.so
7f986ce47000-7f986ce71000 r-xp 00000000 08:02 1985909                    /usr/lib/jvm/java-8-oracle/jre/lib/amd64/libjava.so
7f986ce71000-7f986d071000 ---p 0002a000 08:02 1985909                    /usr/lib/jvm/java-8-oracle/jre/lib/amd64/libjava.so
7f986d071000-7f986d073000 rw-p 0002a000 08:02 1985909                    /usr/lib/jvm/java-8-oracle/jre/lib/amd64/libjava.so
7f986d073000-7f986d080000 r-xp 00000000 08:02 1985923                    /usr/lib/jvm/java-8-oracle/jre/lib/amd64/libverify.so
7f986d080000-7f986d280000 ---p 0000d000 08:02 1985923                    /usr/lib/jvm/java-8-oracle/jre/lib/amd64/libverify.so
7f986d280000-7f986d282000 rw-p 0000d000 08:02 1985923                    /usr/lib/jvm/java-8-oracle/jre/lib/amd64/libverify.so
7f986d282000-7f986d289000 r-xp 00000000 08:02 528500                     /lib/x86_64-linux-gnu/librt-2.19.so
7f986d289000-7f986d488000 ---p 00007000 08:02 528500                     /lib/x86_64-linux-gnu/librt-2.19.so
7f986d488000-7f986d489000 r--p 00006000 08:02 528500                     /lib/x86_64-linux-gnu/librt-2.19.so
7f986d489000-7f986d48a000 rw-p 00007000 08:02 528500                     /lib/x86_64-linux-gnu/librt-2.19.so
7f986d48a000-7f986d58f000 r-xp 00000000 08:02 528422                     /lib/x86_64-linux-gnu/libm-2.19.so
7f986d58f000-7f986d78e000 ---p 00105000 08:02 528422                     /lib/x86_64-linux-gnu/libm-2.19.so
7f986d78e000-7f986d78f000 r--p 00104000 08:02 528422                     /lib/x86_64-linux-gnu/libm-2.19.so
7f986d78f000-7f986d790000 rw-p 00105000 08:02 528422                     /lib/x86_64-linux-gnu/libm-2.19.so
7f986d790000-7f986e43e000 r-xp 00000000 08:02 1985927                    /usr/lib/jvm/java-8-oracle/jre/lib/amd64/server/libjvm.so
7f986e43e000-7f986e63d000 ---p 00cae000 08:02 1985927                    /usr/lib/jvm/java-8-oracle/jre/lib/amd64/server/libjvm.so
7f986e63d000-7f986e714000 rw-p 00cad000 08:02 1985927                    /usr/lib/jvm/java-8-oracle/jre/lib/amd64/server/libjvm.so
7f986e714000-7f986e758000 rw-p 00000000 00:00 0 
7f986e758000-7f986e913000 r-xp 00000000 08:02 528372                     /lib/x86_64-linux-gnu/libc-2.19.so
7f986e913000-7f986eb12000 ---p 001bb000 08:02 528372                     /lib/x86_64-linux-gnu/libc-2.19.so
7f986eb12000-7f986eb16000 r--p 001ba000 08:02 528372                     /lib/x86_64-linux-gnu/libc-2.19.so
7f986eb16000-7f986eb18000 rw-p 001be000 08:02 528372                     /lib/x86_64-linux-gnu/libc-2.19.so
7f986eb18000-7f986eb1d000 rw-p 00000000 00:00 0 
7f986eb1d000-7f986eb20000 r-xp 00000000 08:02 528389                     /lib/x86_64-linux-gnu/libdl-2.19.so
7f986eb20000-7f986ed1f000 ---p 00003000 08:02 528389                     /lib/x86_64-linux-gnu/libdl-2.19.so
7f986ed1f000-7f986ed20000 r--p 00002000 08:02 528389                     /lib/x86_64-linux-gnu/libdl-2.19.so
7f986ed20000-7f986ed21000 rw-p 00003000 08:02 528389                     /lib/x86_64-linux-gnu/libdl-2.19.so
7f986ed21000-7f986ed36000 r-xp 00000000 08:02 2111556                    /usr/lib/jvm/java-8-oracle/lib/amd64/jli/libjli.so
7f986ed36000-7f986ef36000 ---p 00015000 08:02 2111556                    /usr/lib/jvm/java-8-oracle/lib/amd64/jli/libjli.so
7f986ef36000-7f986ef37000 rw-p 00015000 08:02 2111556                    /usr/lib/jvm/java-8-oracle/lib/amd64/jli/libjli.so
7f986ef37000-7f986ef50000 r-xp 00000000 08:02 528492                     /lib/x86_64-linux-gnu/libpthread-2.19.so
7f986ef50000-7f986f14f000 ---p 00019000 08:02 528492                     /lib/x86_64-linux-gnu/libpthread-2.19.so
7f986f14f000-7f986f150000 r--p 00018000 08:02 528492                     /lib/x86_64-linux-gnu/libpthread-2.19.so
7f986f150000-7f986f151000 rw-p 00019000 08:02 528492                     /lib/x86_64-linux-gnu/libpthread-2.19.so
7f986f151000-7f986f155000 rw-p 00000000 00:00 0 
7f986f155000-7f986f178000 r-xp 00000000 08:02 528348                     /lib/x86_64-linux-gnu/ld-2.19.so
7f986f17f000-7f986f251000 rw-p 00000000 00:00 0 
7f986f251000-7f986f254000 ---p 00000000 00:00 0 
7f986f254000-7f986f357000 rw-p 00000000 00:00 0                          [stack:12126]
7f986f357000-7f986f36b000 rw-p 00000000 00:00 0 
7f986f36b000-7f986f373000 rw-s 00000000 08:02 6029343                    /tmp/hsperfdata_m211/12120
7f986f373000-7f986f374000 rw-p 00000000 00:00 0 
7f986f374000-7f986f375000 r--p 00000000 00:00 0 
7f986f375000-7f986f377000 rw-p 00000000 00:00 0 
7f986f377000-7f986f378000 r--p 00022000 08:02 528348                     /lib/x86_64-linux-gnu/ld-2.19.so
7f986f378000-7f986f379000 rw-p 00023000 08:02 528348                     /lib/x86_64-linux-gnu/ld-2.19.so
7f986f379000-7f986f37a000 rw-p 00000000 00:00 0 
7ffeb57e0000-7ffeb5801000 rw-p 00000000 00:00 0                          [stack]
7ffeb5936000-7ffeb5938000 r-xp 00000000 00:00 0                          [vdso]
7ffeb5938000-7ffeb593a000 r--p 00000000 00:00 0                          [vvar]
ffffffffff600000-ffffffffff601000 r-xp 00000000 00:00 0                  [vsyscall]

VM Arguments:
jvm_args: -agentlib:jdwp=transport=dt_socket,suspend=y,address=localhost:38925 -Dfile.encoding=UTF-8 
java_command: aplications.aplications0
java_class_path (initial): /home/m211/Documentos/TSI/P4/Percistência/Persisteencia/lost the labirinty/bin
Launcher Type: SUN_STANDARD

Environment Variables:
PATH=/usr/local/sbin:/usr/local/bin:/usr/sbin:/usr/bin:/sbin:/bin:/usr/games:/usr/local/games
SHELL=/bin/zsh
DISPLAY=:0

Signal Handlers:
SIGSEGV: [libjvm.so+0xaad1e0], sa_mask[0]=11111111011111111101111111111110, sa_flags=SA_RESTART|SA_SIGINFO
SIGBUS: [libjvm.so+0xaad1e0], sa_mask[0]=11111111011111111101111111111110, sa_flags=SA_RESTART|SA_SIGINFO
SIGFPE: [libjvm.so+0x90b450], sa_mask[0]=11111111011111111101111111111110, sa_flags=SA_RESTART|SA_SIGINFO
SIGPIPE: [libjvm.so+0x90b450], sa_mask[0]=11111111011111111101111111111110, sa_flags=SA_RESTART|SA_SIGINFO
SIGXFSZ: [libjvm.so+0x90b450], sa_mask[0]=11111111011111111101111111111110, sa_flags=SA_RESTART|SA_SIGINFO
SIGILL: [libjvm.so+0x90b450], sa_mask[0]=11111111011111111101111111111110, sa_flags=SA_RESTART|SA_SIGINFO
SIGUSR1: SIG_DFL, sa_mask[0]=00000000000000000000000000000000, sa_flags=none
SIGUSR2: [libjvm.so+0x90ca90], sa_mask[0]=00100000000000000000000000000000, sa_flags=SA_RESTART|SA_SIGINFO
SIGHUP: [libjvm.so+0x90dde0], sa_mask[0]=11111111011111111101111111111110, sa_flags=SA_RESTART|SA_SIGINFO
SIGINT: [libjvm.so+0x90dde0], sa_mask[0]=11111111011111111101111111111110, sa_flags=SA_RESTART|SA_SIGINFO
SIGTERM: [libjvm.so+0x90dde0], sa_mask[0]=11111111011111111101111111111110, sa_flags=SA_RESTART|SA_SIGINFO
SIGQUIT: [libjvm.so+0x90dde0], sa_mask[0]=11111111011111111101111111111110, sa_flags=SA_RESTART|SA_SIGINFO


---------------  S Y S T E M  ---------------

OS:DISTRIB_ID="elementary OS"
DISTRIB_RELEASE=0.3
DISTRIB_CODENAME=freya
DISTRIB_DESCRIPTION="elementary OS Freya"

uname:Linux 3.16.0-38-generic #52~14.04.1-Ubuntu SMP Fri May 8 09:43:57 UTC 2015 x86_64
libc:glibc 2.19 NPTL 2.19 
rlimit: STACK 8192k, CORE 0k, NPROC 14028, NOFILE 4096, AS infinity
load average:2,20 1,43 1,39

/proc/meminfo:
MemTotal:        3621540 kB
MemFree:          265600 kB
MemAvailable:     557500 kB
Buffers:           37260 kB
Cached:           509120 kB
SwapCached:            0 kB
Active:          2817220 kB
Inactive:         314596 kB
Active(anon):    2586692 kB
Inactive(anon):   104488 kB
Active(file):     230528 kB
Inactive(file):   210108 kB
Unevictable:          84 kB
Mlocked:              84 kB
SwapTotal:             0 kB
SwapFree:              0 kB
Dirty:               456 kB
Writeback:             0 kB
AnonPages:       2585520 kB
Mapped:           254304 kB
Shmem:            105744 kB
Slab:              74656 kB
SReclaimable:      40416 kB
SUnreclaim:        34240 kB
KernelStack:       11248 kB
PageTables:        48008 kB
NFS_Unstable:          0 kB
Bounce:                0 kB
WritebackTmp:          0 kB
CommitLimit:     1810768 kB
Committed_AS:    6691924 kB
VmallocTotal:   34359738367 kB
VmallocUsed:      288136 kB
VmallocChunk:   34359436796 kB
HardwareCorrupted:     0 kB
AnonHugePages:    917504 kB
HugePages_Total:       0
HugePages_Free:        0
HugePages_Rsvd:        0
HugePages_Surp:        0
Hugepagesize:       2048 kB
DirectMap4k:      194052 kB
DirectMap2M:     3567616 kB
DirectMap1G:           0 kB


CPU:total 2 (2 cores per cpu, 1 threads per core) family 20 model 2 stepping 0, cmov, cx8, fxsr, mmx, sse, sse2, sse3, ssse3, popcnt, mmxext, lzcnt, sse4a, tsc, tscinvbit, tscinv

/proc/cpuinfo:
processor	: 0
vendor_id	: AuthenticAMD
cpu family	: 20
model		: 2
model name	: AMD C-70 APU with Radeon(tm) HD Graphics
stepping	: 0
microcode	: 0x500010d
cpu MHz		: 1000.000
cache size	: 512 KB
physical id	: 0
siblings	: 2
core id		: 0
cpu cores	: 2
apicid		: 0
initial apicid	: 0
fpu		: yes
fpu_exception	: yes
cpuid level	: 6
wp		: yes
flags		: fpu vme de pse tsc msr pae mce cx8 apic sep mtrr pge mca cmov pat pse36 clflush mmx fxsr sse sse2 ht syscall nx mmxext fxsr_opt pdpe1gb rdtscp lm constant_tsc rep_good nopl nonstop_tsc extd_apicid aperfmperf pni monitor ssse3 cx16 popcnt lahf_lm cmp_legacy svm extapic cr8_legacy abm sse4a misalignsse 3dnowprefetch ibs skinit wdt arat cpb hw_pstate npt lbrv svm_lock nrip_save pausefilter vmmcall
bogomips	: 1996.28
TLB size	: 1024 4K pages
clflush size	: 64
cache_alignment	: 64
address sizes	: 36 bits physical, 48 bits virtual
power management: ts ttp tm stc 100mhzsteps hwpstate cpb

processor	: 1
vendor_id	: AuthenticAMD
cpu family	: 20
model		: 2
model name	: AMD C-70 APU with Radeon(tm) HD Graphics
stepping	: 0
microcode	: 0x500010d
cpu MHz		: 1000.000
cache size	: 512 KB
physical id	: 0
siblings	: 2
core id		: 1
cpu cores	: 2
apicid		: 1
initial apicid	: 1
fpu		: yes
fpu_exception	: yes
cpuid level	: 6
wp		: yes
flags		: fpu vme de pse tsc msr pae mce cx8 apic sep mtrr pge mca cmov pat pse36 clflush mmx fxsr sse sse2 ht syscall nx mmxext fxsr_opt pdpe1gb rdtscp lm constant_tsc rep_good nopl nonstop_tsc extd_apicid aperfmperf pni monitor ssse3 cx16 popcnt lahf_lm cmp_legacy svm extapic cr8_legacy abm sse4a misalignsse 3dnowprefetch ibs skinit wdt arat cpb hw_pstate npt lbrv svm_lock nrip_save pausefilter vmmcall
bogomips	: 1996.28
TLB size	: 1024 4K pages
clflush size	: 64
cache_alignment	: 64
address sizes	: 36 bits physical, 48 bits virtual
power management: ts ttp tm stc 100mhzsteps hwpstate cpb



Memory: 4k page, physical 3621540k(265600k free), swap 0k(0k free)

vm_info: Java HotSpot(TM) 64-Bit Server VM (25.45-b02) for linux-amd64 JRE (1.8.0_45-b14), built on Apr 10 2015 10:07:45 by "java_re" with gcc 4.3.0 20080428 (Red Hat 4.3.0-8)

time: Mon Jun 15 17:28:09 2015
elapsed time: 5765 seconds (0d 1h 36m 5s)

