#
# A fatal error has been detected by the Java Runtime Environment:
#
#  SIGSEGV (0xb) at pc=0x00007f2088004990, pid=12020, tid=139778134910720
#
# JRE version: Java(TM) SE Runtime Environment (8.0_45-b14) (build 1.8.0_45-b14)
# Java VM: Java HotSpot(TM) 64-Bit Server VM (25.45-b02 mixed mode linux-amd64 compressed oops)
# Problematic frame:
# C  0x00007f2088004990
#
# Failed to write core dump. Core dumps have been disabled. To enable core dumping, try "ulimit -c unlimited" before starting Java again
#
# If you would like to submit a bug report, please visit:
#   http://bugreport.java.com/bugreport/crash.jsp
#

---------------  T H R E A D  ---------------

Current thread (0x00007f20b40c0000):  JavaThread "JDWP Transport Listener: dt_socket" daemon [_thread_in_vm, id=12034, stack(0x00007f20a2042000,0x00007f20a2143000)]

siginfo: si_signo: 11 (SIGSEGV), si_code: 2 (SEGV_ACCERR), si_addr: 0x00007f2088004990

Registers:
RAX=0x00007f2088006760, RBX=0x00007f2088000078, RCX=0x00007f20bc703320, RDX=0x00007f20bbce0ca0
RSP=0x00007f20a2141908, RBP=0x00007f20a2141920, RSI=0x00007f20b40c0000, RDI=0x00007f2088000078
R8 =0x0000000000000000, R9 =0x00007f2088005a50, R10=0x0000000000000010, R11=0x00007f20bbe91e70
R12=0x0000000000000017, R13=0x00007f2088000088, R14=0x00007f20b40c0000, R15=0x00007f20a2141a27
RIP=0x00007f2088004990, EFLAGS=0x0000000000010206, CSGSFS=0x0000000000000033, ERR=0x0000000000000015
  TRAPNO=0x000000000000000e

Top of Stack: (sp=0x00007f20a2141908)
0x00007f20a2141908:   00007f20bb5dc447 0000000000000074
0x00007f20a2141918:   00007f20b40034c0 00007f20a2141990
0x00007f20a2141928:   00007f20bb46df9e 0000000000000073
0x00007f20a2141938:   00007f20a2141940 00007f20b40c0000
0x00007f20a2141948:   0000000000000000 00007f2000000000
0x00007f20a2141958:   0000000000000000 00007f20a2141980
0x00007f20a2141968:   00007f20ba3f9e40 00007f2088000088
0x00007f20a2141978:   00007f20a2141a27 0000000000000009
0x00007f20a2141988:   00007f20a2141a27 00007f20a21419c0
0x00007f20a2141998:   00007f20ba1e58c2 00007f20a21419c0
0x00007f20a21419a8:   00007f2088000088 00007f20a2141a90
0x00007f20a21419b8:   0000000000000048 00007f20a2141a50
0x00007f20a21419c8:   00007f20ba1c6aa0 00007f20a2141a08
0x00007f20a21419d8:   00007f20a2141a00 00007f20a21419f8
0x00007f20a21419e8:   00007f20a2141a1c 0000000188002fc0
0x00007f20a21419f8:   0000000000000000 0000000000000000
0x00007f20a2141a08:   0000000000000000 00007f2088005c30
0x00007f20a2141a18:   0000000aa2141a90 000000000000000a
0x00007f20a2141a28:   0000000000000002 000000000000000f
0x00007f20a2141a38:   0000000000000002 00000000000f0200
0x00007f20a2141a48:   000000000000000f 00007f20a2141ca0
0x00007f20a2141a58:   00007f20ba1d19c6 0000062500000013
0x00007f20a2141a68:   00007f20bb0f0200 00007f2080000fb0
0x00007f20a2141a78:   0000000000000000 00007f20a2141a90
0x00007f20a2141a88:   00007f20a2141c20 00007f208800653d
0x00007f20a2141a98:   00007f200000022b 00007f2088003ad0
0x00007f20a2141aa8:   000000000000012c 00007f20a2141ae0
0x00007f20a2141ab8:   00007f2088003ad0 00007f0000000000
0x00007f20a2141ac8:   000006250000001c 00007f2000001c80
0x00007f20a2141ad8:   00007f20a2141ae0 207f00000a000000
0x00007f20a2141ae8:   06000000503a0088 00003e74696e693c
0x00007f20a2141af8:   0000005629280300 7f00000100000000 

Instructions: (pc=0x00007f2088004990)
0x00007f2088004970:   e0 95 94 ed 00 00 00 00 58 95 94 ed 00 00 00 00
0x00007f2088004980:   40 94 94 ed 00 00 00 00 c8 93 94 ed 00 00 00 00
0x00007f2088004990:   08 93 94 ed 00 00 00 00 90 92 94 ed 00 00 00 00
0x00007f20880049a0:   98 91 94 ed 00 00 00 00 60 39 94 ed 00 00 00 00 

Register to memory mapping:

RAX=0x00007f2088006760 is an unknown value
RBX=0x00007f2088000078 is an unknown value
RCX=0x00007f20bc703320: <offset 0x219320> in /lib/x86_64-linux-gnu/libpthread.so.0 at 0x00007f20bc4ea000
RDX=0x00007f20bbce0ca0: <offset 0xf9dca0> in /usr/lib/jvm/java-8-oracle/jre/lib/amd64/server/libjvm.so at 0x00007f20bad43000
RSP=0x00007f20a2141908 is pointing into the stack for thread: 0x00007f20b40c0000
RBP=0x00007f20a2141920 is pointing into the stack for thread: 0x00007f20b40c0000
RSI=0x00007f20b40c0000 is a thread
RDI=0x00007f2088000078 is an unknown value
R8 =0x0000000000000000 is an unknown value
R9 =0x00007f2088005a50 is an unknown value
R10=0x0000000000000010 is an unknown value
R11=0x00007f20bbe91e70: <offset 0x186e70> in /lib/x86_64-linux-gnu/libc.so.6 at 0x00007f20bbd0b000
R12=0x0000000000000017 is an unknown value
R13=0x00007f2088000088 is an unknown value
R14=0x00007f20b40c0000 is a thread
R15=0x00007f20a2141a27 is pointing into the stack for thread: 0x00007f20b40c0000


Stack: [0x00007f20a2042000,0x00007f20a2143000],  sp=0x00007f20a2141908,  free space=1022k
Native frames: (J=compiled Java code, j=interpreted, Vv=VM code, C=native code)
C  0x00007f2088004990
V  [libjvm.so+0x72af9e]  jvmti_IsMethodSynthetic+0x2be
C  [libjdwp.so+0x258c2]  isMethodSynthetic+0x42
C  [libjdwp.so+0x6aa0]  methods1+0x1b0
C  [libjdwp.so+0x119c6]  debugLoop_run+0x2b6
C  [libjdwp.so+0x247ff]  attachThread+0x2f
V  [libjvm.so+0x797102]  JvmtiAgentThread::call_start_function()+0xc2
V  [libjvm.so+0xa5c86f]  JavaThread::thread_main_inner()+0xdf
V  [libjvm.so+0xa5c99c]  JavaThread::run()+0x11c
V  [libjvm.so+0x910de8]  java_start(Thread*)+0x108
C  [libpthread.so.0+0x8182]  start_thread+0xc2


---------------  P R O C E S S  ---------------

Java Threads: ( => current thread )
  0x00007f20b40cd800 JavaThread "Service Thread" daemon [_thread_blocked, id=12043, stack(0x00007f20a1b3d000,0x00007f20a1c3e000)]
  0x00007f20b40c8800 JavaThread "C1 CompilerThread1" daemon [_thread_blocked, id=12042, stack(0x00007f20a1c3e000,0x00007f20a1d3f000)]
  0x00007f20b40c5800 JavaThread "C2 CompilerThread0" daemon [_thread_blocked, id=12041, stack(0x00007f20a1d3f000,0x00007f20a1e40000)]
  0x00007f2088001000 JavaThread "JDWP Command Reader" daemon [_thread_in_native, id=12036, stack(0x00007f20a1e40000,0x00007f20a1f41000)]
  0x00007f20b40c3800 JavaThread "JDWP Event Helper Thread" daemon [_thread_blocked, id=12035, stack(0x00007f20a1f41000,0x00007f20a2042000)]
=>0x00007f20b40c0000 JavaThread "JDWP Transport Listener: dt_socket" daemon [_thread_in_vm, id=12034, stack(0x00007f20a2042000,0x00007f20a2143000)]
  0x00007f20b40b3800 JavaThread "Signal Dispatcher" daemon [_thread_blocked, id=12032, stack(0x00007f20a2347000,0x00007f20a2448000)]
  0x00007f20b407d000 JavaThread "Finalizer" daemon [_thread_blocked, id=12031, stack(0x00007f20a2448000,0x00007f20a2549000)]
  0x00007f20b407a800 JavaThread "Reference Handler" daemon [_thread_blocked, id=12030, stack(0x00007f20a2549000,0x00007f20a264a000)]
  0x00007f20b400c000 JavaThread "main" [_thread_blocked, id=12023, stack(0x00007f20bc804000,0x00007f20bc905000)]

Other Threads:
  0x00007f20b4075800 VMThread [stack: 0x00007f20a264a000,0x00007f20a274b000] [id=12029]
  0x00007f20b40d0000 WatcherThread [stack: 0x00007f20a1a3c000,0x00007f20a1b3d000] [id=12044]

VM state:not at safepoint (normal execution)

VM Mutex/Monitor currently owned by a thread: None

Heap:
 PSYoungGen      total 16896K, used 1485K [0x00000000ed900000, 0x00000000eeb80000, 0x0000000100000000)
  eden space 14848K, 10% used [0x00000000ed900000,0x00000000eda734a8,0x00000000ee780000)
  from space 2048K, 0% used [0x00000000ee980000,0x00000000ee980000,0x00000000eeb80000)
  to   space 2048K, 0% used [0x00000000ee780000,0x00000000ee780000,0x00000000ee980000)
 ParOldGen       total 38400K, used 0K [0x00000000c8a00000, 0x00000000caf80000, 0x00000000ed900000)
  object space 38400K, 0% used [0x00000000c8a00000,0x00000000c8a00000,0x00000000caf80000)
 Metaspace       used 2561K, capacity 4566K, committed 4864K, reserved 1056768K
  class space    used 269K, capacity 390K, committed 512K, reserved 1048576K

Card table byte_map: [0x00007f20b8beb000,0x00007f20b8da7000] byte_map_base: 0x00007f20b85a6000

Marking Bits: (ParMarkBitMap*) 0x00007f20bbce0760
 Begin Bits: [0x00007f20a3450000, 0x00007f20a4228000)
 End Bits:   [0x00007f20a4228000, 0x00007f20a5000000)

Polling page: 0x00007f20bc927000

CodeCache: size=245760Kb used=1079Kb max_used=1079Kb free=244680Kb
 bounds [0x00007f20a5000000, 0x00007f20a5270000, 0x00007f20b4000000]
 total_blobs=234 nmethods=15 adapters=143
 compilation: enabled

Compilation events (10 events):
Event: 1,146 Thread 0x00007f20b40c8800   11       1       java.lang.ThreadLocal::access$400 (5 bytes)
Event: 1,147 Thread 0x00007f20b40c8800 nmethod 11 0x00007f20a5101cd0 code [0x00007f20a5101e20, 0x00007f20a5101f10]
Event: 1,159 Thread 0x00007f20b40c8800   12       3       java.util.Arrays::copyOfRange (63 bytes)
Event: 1,173 Thread 0x00007f20b40c8800 nmethod 12 0x00007f20a510b050 code [0x00007f20a510b280, 0x00007f20a510bdd8]
Event: 1,173 Thread 0x00007f20b40c8800   14       3       java.lang.StringBuilder::append (8 bytes)
Event: 1,175 Thread 0x00007f20b40c8800 nmethod 14 0x00007f20a510c7d0 code [0x00007f20a510c960, 0x00007f20a510cce8]
Event: 1,175 Thread 0x00007f20b40c8800   13       3       java.lang.String::<init> (62 bytes)
Event: 1,177 Thread 0x00007f20b40c8800 nmethod 13 0x00007f20a510ced0 code [0x00007f20a510d0a0, 0x00007f20a510d518]
Event: 1,179 Thread 0x00007f20b40c8800   15       3       java.lang.String::getChars (62 bytes)
Event: 1,181 Thread 0x00007f20b40c8800 nmethod 15 0x00007f20a510d7d0 code [0x00007f20a510d9a0, 0x00007f20a510de38]

GC Heap History (0 events):
No events

Deoptimization events (0 events):
No events

Internal exceptions (2 events):
Event: 0,263 Thread 0x00007f20b400c000 Exception <a 'java/lang/NoSuchMethodError': Method sun.misc.Unsafe.defineClass(Ljava/lang/String;[BII)Ljava/lang/Class; name or signature does not match> (0x00000000ed912a38) thrown at [/RE-WORK/workspace/8-2-build-linux-amd64/jdk8u45/3457/hotspot/src/sha
Event: 0,263 Thread 0x00007f20b400c000 Exception <a 'java/lang/NoSuchMethodError': Method sun.misc.Unsafe.prefetchRead(Ljava/lang/Object;J)V name or signature does not match> (0x00000000ed912cc8) thrown at [/RE-WORK/workspace/8-2-build-linux-amd64/jdk8u45/3457/hotspot/src/share/vm/prims/jni.cp

Events (10 events):
Event: 1695,985 Executing VM operation: ChangeBreakpoints
Event: 1695,986 Executing VM operation: ChangeBreakpoints done
Event: 1999,337 Executing VM operation: RedefineClasses
Event: 1999,338 Executing VM operation: RedefineClasses done
Event: 1999,360 Executing VM operation: ChangeBreakpoints
Event: 1999,361 Executing VM operation: ChangeBreakpoints done
Event: 1999,403 Executing VM operation: ChangeBreakpoints
Event: 1999,404 Executing VM operation: ChangeBreakpoints done
Event: 5870,278 Executing VM operation: RedefineClasses
Event: 5870,279 Executing VM operation: RedefineClasses done


Dynamic libraries:
00400000-00401000 r-xp 00000000 08:02 2111694                            /usr/lib/jvm/java-8-oracle/bin/java
00600000-00601000 rw-p 00000000 08:02 2111694                            /usr/lib/jvm/java-8-oracle/bin/java
011b6000-011d7000 rw-p 00000000 00:00 0                                  [heap]
c8a00000-caf80000 rw-p 00000000 00:00 0 
caf80000-ed900000 ---p 00000000 00:00 0 
ed900000-eeb80000 rw-p 00000000 00:00 0 
eeb80000-100000000 ---p 00000000 00:00 0 
100000000-100080000 rw-p 00000000 00:00 0 
100080000-140000000 ---p 00000000 00:00 0 
7f206c000000-7f206c021000 rw-p 00000000 00:00 0 
7f206c021000-7f2070000000 ---p 00000000 00:00 0 
7f2070000000-7f2070021000 rw-p 00000000 00:00 0 
7f2070021000-7f2074000000 ---p 00000000 00:00 0 
7f2074000000-7f207404e000 rw-p 00000000 00:00 0 
7f207404e000-7f2078000000 ---p 00000000 00:00 0 
7f2078000000-7f2078021000 rw-p 00000000 00:00 0 
7f2078021000-7f207c000000 ---p 00000000 00:00 0 
7f207c000000-7f207c021000 rw-p 00000000 00:00 0 
7f207c021000-7f2080000000 ---p 00000000 00:00 0 
7f2080000000-7f2080021000 rw-p 00000000 00:00 0 
7f2080021000-7f2084000000 ---p 00000000 00:00 0 
7f2084000000-7f2084021000 rw-p 00000000 00:00 0 
7f2084021000-7f2088000000 ---p 00000000 00:00 0 
7f2088000000-7f2088021000 rw-p 00000000 00:00 0 
7f2088021000-7f208c000000 ---p 00000000 00:00 0 
7f208c000000-7f208c021000 rw-p 00000000 00:00 0 
7f208c021000-7f2090000000 ---p 00000000 00:00 0 
7f2090000000-7f2090021000 rw-p 00000000 00:00 0 
7f2090021000-7f2094000000 ---p 00000000 00:00 0 
7f2094000000-7f2094021000 rw-p 00000000 00:00 0 
7f2094021000-7f2098000000 ---p 00000000 00:00 0 
7f2098000000-7f2098021000 rw-p 00000000 00:00 0 
7f2098021000-7f209c000000 ---p 00000000 00:00 0 
7f209c000000-7f209c021000 rw-p 00000000 00:00 0 
7f209c021000-7f20a0000000 ---p 00000000 00:00 0 
7f20a17b8000-7f20a1a3c000 rw-p 00000000 00:00 0 
7f20a1a3c000-7f20a1a3d000 ---p 00000000 00:00 0 
7f20a1a3d000-7f20a1b3d000 rw-p 00000000 00:00 0                          [stack:12044]
7f20a1b3d000-7f20a1b40000 ---p 00000000 00:00 0 
7f20a1b40000-7f20a1c3e000 rw-p 00000000 00:00 0                          [stack:12043]
7f20a1c3e000-7f20a1c41000 ---p 00000000 00:00 0 
7f20a1c41000-7f20a1d3f000 rw-p 00000000 00:00 0                          [stack:12042]
7f20a1d3f000-7f20a1d42000 ---p 00000000 00:00 0 
7f20a1d42000-7f20a1e40000 rw-p 00000000 00:00 0                          [stack:12041]
7f20a1e40000-7f20a1e43000 ---p 00000000 00:00 0 
7f20a1e43000-7f20a1f41000 rw-p 00000000 00:00 0                          [stack:12036]
7f20a1f41000-7f20a1f44000 ---p 00000000 00:00 0 
7f20a1f44000-7f20a2042000 rw-p 00000000 00:00 0                          [stack:12035]
7f20a2042000-7f20a2045000 ---p 00000000 00:00 0 
7f20a2045000-7f20a2143000 rw-p 00000000 00:00 0                          [stack:12034]
7f20a2143000-7f20a2147000 r-xp 00000000 08:02 1985921                    /usr/lib/jvm/java-8-oracle/jre/lib/amd64/libdt_socket.so
7f20a2147000-7f20a2346000 ---p 00004000 08:02 1985921                    /usr/lib/jvm/java-8-oracle/jre/lib/amd64/libdt_socket.so
7f20a2346000-7f20a2347000 rw-p 00003000 08:02 1985921                    /usr/lib/jvm/java-8-oracle/jre/lib/amd64/libdt_socket.so
7f20a2347000-7f20a234a000 ---p 00000000 00:00 0 
7f20a234a000-7f20a2448000 rw-p 00000000 00:00 0                          [stack:12032]
7f20a2448000-7f20a244b000 ---p 00000000 00:00 0 
7f20a244b000-7f20a2549000 rw-p 00000000 00:00 0                          [stack:12031]
7f20a2549000-7f20a254c000 ---p 00000000 00:00 0 
7f20a254c000-7f20a264a000 rw-p 00000000 00:00 0                          [stack:12030]
7f20a264a000-7f20a264b000 ---p 00000000 00:00 0 
7f20a264b000-7f20a3090000 rw-p 00000000 00:00 0                          [stack:12029]
7f20a3090000-7f20a3450000 ---p 00000000 00:00 0 
7f20a3450000-7f20a5000000 rw-p 00000000 00:00 0 
7f20a5000000-7f20a5270000 rwxp 00000000 00:00 0 
7f20a5270000-7f20b4000000 ---p 00000000 00:00 0 
7f20b4000000-7f20b40f1000 rw-p 00000000 00:00 0 
7f20b40f1000-7f20b8000000 ---p 00000000 00:00 0 
7f20b8050000-7f20b84b7000 rw-p 00000000 00:00 0 
7f20b84b7000-7f20b8690000 r--s 03d09000 08:02 1985790                    /usr/lib/jvm/java-8-oracle/jre/lib/rt.jar
7f20b8690000-7f20b88c1000 rw-p 00000000 00:00 0 
7f20b88c1000-7f20b88c2000 ---p 00000000 00:00 0 
7f20b88c2000-7f20b89c2000 rw-p 00000000 00:00 0                          [stack:12028]
7f20b89c2000-7f20b89c3000 ---p 00000000 00:00 0 
7f20b89c3000-7f20b8ad6000 rw-p 00000000 00:00 0                          [stack:12027]
7f20b8ad6000-7f20b8beb000 ---p 00000000 00:00 0 
7f20b8beb000-7f20b8bfe000 rw-p 00000000 00:00 0 
7f20b8bfe000-7f20b8d12000 ---p 00000000 00:00 0 
7f20b8d12000-7f20b8d1c000 rw-p 00000000 00:00 0 
7f20b8d1c000-7f20b8da6000 ---p 00000000 00:00 0 
7f20b8da6000-7f20b8db1000 rw-p 00000000 00:00 0 
7f20b8db1000-7f20b9167000 ---p 00000000 00:00 0 
7f20b9167000-7f20b9181000 r-xp 00000000 08:02 1985940                    /usr/lib/jvm/java-8-oracle/jre/lib/amd64/libzip.so
7f20b9181000-7f20b9381000 ---p 0001a000 08:02 1985940                    /usr/lib/jvm/java-8-oracle/jre/lib/amd64/libzip.so
7f20b9381000-7f20b9382000 rw-p 0001a000 08:02 1985940                    /usr/lib/jvm/java-8-oracle/jre/lib/amd64/libzip.so
7f20b9382000-7f20b938d000 r-xp 00000000 08:02 528447                     /lib/x86_64-linux-gnu/libnss_files-2.19.so
7f20b938d000-7f20b958c000 ---p 0000b000 08:02 528447                     /lib/x86_64-linux-gnu/libnss_files-2.19.so
7f20b958c000-7f20b958d000 r--p 0000a000 08:02 528447                     /lib/x86_64-linux-gnu/libnss_files-2.19.so
7f20b958d000-7f20b958e000 rw-p 0000b000 08:02 528447                     /lib/x86_64-linux-gnu/libnss_files-2.19.so
7f20b958e000-7f20b9599000 r-xp 00000000 08:02 528457                     /lib/x86_64-linux-gnu/libnss_nis-2.19.so
7f20b9599000-7f20b9798000 ---p 0000b000 08:02 528457                     /lib/x86_64-linux-gnu/libnss_nis-2.19.so
7f20b9798000-7f20b9799000 r--p 0000a000 08:02 528457                     /lib/x86_64-linux-gnu/libnss_nis-2.19.so
7f20b9799000-7f20b979a000 rw-p 0000b000 08:02 528457                     /lib/x86_64-linux-gnu/libnss_nis-2.19.so
7f20b979a000-7f20b97b1000 r-xp 00000000 08:02 528441                     /lib/x86_64-linux-gnu/libnsl-2.19.so
7f20b97b1000-7f20b99b0000 ---p 00017000 08:02 528441                     /lib/x86_64-linux-gnu/libnsl-2.19.so
7f20b99b0000-7f20b99b1000 r--p 00016000 08:02 528441                     /lib/x86_64-linux-gnu/libnsl-2.19.so
7f20b99b1000-7f20b99b2000 rw-p 00017000 08:02 528441                     /lib/x86_64-linux-gnu/libnsl-2.19.so
7f20b99b2000-7f20b99b4000 rw-p 00000000 00:00 0 
7f20b99b4000-7f20b99bd000 r-xp 00000000 08:02 528443                     /lib/x86_64-linux-gnu/libnss_compat-2.19.so
7f20b99bd000-7f20b9bbc000 ---p 00009000 08:02 528443                     /lib/x86_64-linux-gnu/libnss_compat-2.19.so
7f20b9bbc000-7f20b9bbd000 r--p 00008000 08:02 528443                     /lib/x86_64-linux-gnu/libnss_compat-2.19.so
7f20b9bbd000-7f20b9bbe000 rw-p 00009000 08:02 528443                     /lib/x86_64-linux-gnu/libnss_compat-2.19.so
7f20b9bbe000-7f20b9fbd000 r--p 00000000 08:02 1970408                    /usr/lib/locale/locale-archive
7f20b9fbd000-7f20b9fbf000 r-xp 00000000 08:02 1985920                    /usr/lib/jvm/java-8-oracle/jre/lib/amd64/libnpt.so
7f20b9fbf000-7f20ba1bf000 ---p 00002000 08:02 1985920                    /usr/lib/jvm/java-8-oracle/jre/lib/amd64/libnpt.so
7f20ba1bf000-7f20ba1c0000 rw-p 00002000 08:02 1985920                    /usr/lib/jvm/java-8-oracle/jre/lib/amd64/libnpt.so
7f20ba1c0000-7f20ba1f9000 r-xp 00000000 08:02 1985946                    /usr/lib/jvm/java-8-oracle/jre/lib/amd64/libjdwp.so
7f20ba1f9000-7f20ba3f8000 ---p 00039000 08:02 1985946                    /usr/lib/jvm/java-8-oracle/jre/lib/amd64/libjdwp.so
7f20ba3f8000-7f20ba3fa000 rw-p 00038000 08:02 1985946                    /usr/lib/jvm/java-8-oracle/jre/lib/amd64/libjdwp.so
7f20ba3fa000-7f20ba424000 r-xp 00000000 08:02 1985909                    /usr/lib/jvm/java-8-oracle/jre/lib/amd64/libjava.so
7f20ba424000-7f20ba624000 ---p 0002a000 08:02 1985909                    /usr/lib/jvm/java-8-oracle/jre/lib/amd64/libjava.so
7f20ba624000-7f20ba626000 rw-p 0002a000 08:02 1985909                    /usr/lib/jvm/java-8-oracle/jre/lib/amd64/libjava.so
7f20ba626000-7f20ba633000 r-xp 00000000 08:02 1985923                    /usr/lib/jvm/java-8-oracle/jre/lib/amd64/libverify.so
7f20ba633000-7f20ba833000 ---p 0000d000 08:02 1985923                    /usr/lib/jvm/java-8-oracle/jre/lib/amd64/libverify.so
7f20ba833000-7f20ba835000 rw-p 0000d000 08:02 1985923                    /usr/lib/jvm/java-8-oracle/jre/lib/amd64/libverify.so
7f20ba835000-7f20ba83c000 r-xp 00000000 08:02 528500                     /lib/x86_64-linux-gnu/librt-2.19.so
7f20ba83c000-7f20baa3b000 ---p 00007000 08:02 528500                     /lib/x86_64-linux-gnu/librt-2.19.so
7f20baa3b000-7f20baa3c000 r--p 00006000 08:02 528500                     /lib/x86_64-linux-gnu/librt-2.19.so
7f20baa3c000-7f20baa3d000 rw-p 00007000 08:02 528500                     /lib/x86_64-linux-gnu/librt-2.19.so
7f20baa3d000-7f20bab42000 r-xp 00000000 08:02 528422                     /lib/x86_64-linux-gnu/libm-2.19.so
7f20bab42000-7f20bad41000 ---p 00105000 08:02 528422                     /lib/x86_64-linux-gnu/libm-2.19.so
7f20bad41000-7f20bad42000 r--p 00104000 08:02 528422                     /lib/x86_64-linux-gnu/libm-2.19.so
7f20bad42000-7f20bad43000 rw-p 00105000 08:02 528422                     /lib/x86_64-linux-gnu/libm-2.19.so
7f20bad43000-7f20bb9f1000 r-xp 00000000 08:02 1985927                    /usr/lib/jvm/java-8-oracle/jre/lib/amd64/server/libjvm.so
7f20bb9f1000-7f20bbbf0000 ---p 00cae000 08:02 1985927                    /usr/lib/jvm/java-8-oracle/jre/lib/amd64/server/libjvm.so
7f20bbbf0000-7f20bbcc7000 rw-p 00cad000 08:02 1985927                    /usr/lib/jvm/java-8-oracle/jre/lib/amd64/server/libjvm.so
7f20bbcc7000-7f20bbd0b000 rw-p 00000000 00:00 0 
7f20bbd0b000-7f20bbec6000 r-xp 00000000 08:02 528372                     /lib/x86_64-linux-gnu/libc-2.19.so
7f20bbec6000-7f20bc0c5000 ---p 001bb000 08:02 528372                     /lib/x86_64-linux-gnu/libc-2.19.so
7f20bc0c5000-7f20bc0c9000 r--p 001ba000 08:02 528372                     /lib/x86_64-linux-gnu/libc-2.19.so
7f20bc0c9000-7f20bc0cb000 rw-p 001be000 08:02 528372                     /lib/x86_64-linux-gnu/libc-2.19.so
7f20bc0cb000-7f20bc0d0000 rw-p 00000000 00:00 0 
7f20bc0d0000-7f20bc0d3000 r-xp 00000000 08:02 528389                     /lib/x86_64-linux-gnu/libdl-2.19.so
7f20bc0d3000-7f20bc2d2000 ---p 00003000 08:02 528389                     /lib/x86_64-linux-gnu/libdl-2.19.so
7f20bc2d2000-7f20bc2d3000 r--p 00002000 08:02 528389                     /lib/x86_64-linux-gnu/libdl-2.19.so
7f20bc2d3000-7f20bc2d4000 rw-p 00003000 08:02 528389                     /lib/x86_64-linux-gnu/libdl-2.19.so
7f20bc2d4000-7f20bc2e9000 r-xp 00000000 08:02 2111556                    /usr/lib/jvm/java-8-oracle/lib/amd64/jli/libjli.so
7f20bc2e9000-7f20bc4e9000 ---p 00015000 08:02 2111556                    /usr/lib/jvm/java-8-oracle/lib/amd64/jli/libjli.so
7f20bc4e9000-7f20bc4ea000 rw-p 00015000 08:02 2111556                    /usr/lib/jvm/java-8-oracle/lib/amd64/jli/libjli.so
7f20bc4ea000-7f20bc503000 r-xp 00000000 08:02 528492                     /lib/x86_64-linux-gnu/libpthread-2.19.so
7f20bc503000-7f20bc702000 ---p 00019000 08:02 528492                     /lib/x86_64-linux-gnu/libpthread-2.19.so
7f20bc702000-7f20bc703000 r--p 00018000 08:02 528492                     /lib/x86_64-linux-gnu/libpthread-2.19.so
7f20bc703000-7f20bc704000 rw-p 00019000 08:02 528492                     /lib/x86_64-linux-gnu/libpthread-2.19.so
7f20bc704000-7f20bc708000 rw-p 00000000 00:00 0 
7f20bc708000-7f20bc72b000 r-xp 00000000 08:02 528348                     /lib/x86_64-linux-gnu/ld-2.19.so
7f20bc732000-7f20bc804000 rw-p 00000000 00:00 0 
7f20bc804000-7f20bc807000 ---p 00000000 00:00 0 
7f20bc807000-7f20bc90a000 rw-p 00000000 00:00 0                          [stack:12023]
7f20bc90a000-7f20bc91e000 rw-p 00000000 00:00 0 
7f20bc91e000-7f20bc926000 rw-s 00000000 08:02 6029338                    /tmp/hsperfdata_m211/12020
7f20bc926000-7f20bc927000 rw-p 00000000 00:00 0 
7f20bc927000-7f20bc928000 r--p 00000000 00:00 0 
7f20bc928000-7f20bc92a000 rw-p 00000000 00:00 0 
7f20bc92a000-7f20bc92b000 r--p 00022000 08:02 528348                     /lib/x86_64-linux-gnu/ld-2.19.so
7f20bc92b000-7f20bc92c000 rw-p 00023000 08:02 528348                     /lib/x86_64-linux-gnu/ld-2.19.so
7f20bc92c000-7f20bc92d000 rw-p 00000000 00:00 0 
7fff5226b000-7fff5228c000 rw-p 00000000 00:00 0                          [stack]
7fff523c6000-7fff523c8000 r-xp 00000000 00:00 0                          [vdso]
7fff523c8000-7fff523ca000 r--p 00000000 00:00 0                          [vvar]
ffffffffff600000-ffffffffff601000 r-xp 00000000 00:00 0                  [vsyscall]

VM Arguments:
jvm_args: -agentlib:jdwp=transport=dt_socket,suspend=y,address=localhost:44708 -Dfile.encoding=UTF-8 
java_command: aplications.aplications0
java_class_path (initial): /home/m211/Documentos/TSI/P4/Percistência/Persisteencia/lost the labirinty/bin
Launcher Type: SUN_STANDARD

Environment Variables:
PATH=/usr/local/sbin:/usr/local/bin:/usr/sbin:/usr/bin:/sbin:/bin:/usr/games:/usr/local/games
SHELL=/bin/zsh
DISPLAY=:0

Signal Handlers:
SIGSEGV: [libjvm.so+0xaad1e0], sa_mask[0]=11111111011111111101111111111110, sa_flags=SA_RESTART|SA_SIGINFO
SIGBUS: [libjvm.so+0xaad1e0], sa_mask[0]=11111111011111111101111111111110, sa_flags=SA_RESTART|SA_SIGINFO
SIGFPE: [libjvm.so+0x90b450], sa_mask[0]=11111111011111111101111111111110, sa_flags=SA_RESTART|SA_SIGINFO
SIGPIPE: [libjvm.so+0x90b450], sa_mask[0]=11111111011111111101111111111110, sa_flags=SA_RESTART|SA_SIGINFO
SIGXFSZ: [libjvm.so+0x90b450], sa_mask[0]=11111111011111111101111111111110, sa_flags=SA_RESTART|SA_SIGINFO
SIGILL: [libjvm.so+0x90b450], sa_mask[0]=11111111011111111101111111111110, sa_flags=SA_RESTART|SA_SIGINFO
SIGUSR1: SIG_DFL, sa_mask[0]=00000000000000000000000000000000, sa_flags=none
SIGUSR2: [libjvm.so+0x90ca90], sa_mask[0]=00100000000000000000000000000000, sa_flags=SA_RESTART|SA_SIGINFO
SIGHUP: [libjvm.so+0x90dde0], sa_mask[0]=11111111011111111101111111111110, sa_flags=SA_RESTART|SA_SIGINFO
SIGINT: [libjvm.so+0x90dde0], sa_mask[0]=11111111011111111101111111111110, sa_flags=SA_RESTART|SA_SIGINFO
SIGTERM: [libjvm.so+0x90dde0], sa_mask[0]=11111111011111111101111111111110, sa_flags=SA_RESTART|SA_SIGINFO
SIGQUIT: [libjvm.so+0x90dde0], sa_mask[0]=11111111011111111101111111111110, sa_flags=SA_RESTART|SA_SIGINFO


---------------  S Y S T E M  ---------------

OS:DISTRIB_ID="elementary OS"
DISTRIB_RELEASE=0.3
DISTRIB_CODENAME=freya
DISTRIB_DESCRIPTION="elementary OS Freya"

uname:Linux 3.16.0-38-generic #52~14.04.1-Ubuntu SMP Fri May 8 09:43:57 UTC 2015 x86_64
libc:glibc 2.19 NPTL 2.19 
rlimit: STACK 8192k, CORE 0k, NPROC 14028, NOFILE 4096, AS infinity
load average:0,65 1,12 1,29

/proc/meminfo:
MemTotal:        3621540 kB
MemFree:          230396 kB
MemAvailable:     509892 kB
Buffers:           35192 kB
Cached:           498708 kB
SwapCached:            0 kB
Active:          2851140 kB
Inactive:         314680 kB
Active(anon):    2633072 kB
Inactive(anon):   104488 kB
Active(file):     218068 kB
Inactive(file):   210192 kB
Unevictable:          84 kB
Mlocked:              84 kB
SwapTotal:             0 kB
SwapFree:              0 kB
Dirty:               212 kB
Writeback:             0 kB
AnonPages:       2631900 kB
Mapped:           254040 kB
Shmem:            105744 kB
Slab:              74596 kB
SReclaimable:      40356 kB
SUnreclaim:        34240 kB
KernelStack:       11568 kB
PageTables:        48516 kB
NFS_Unstable:          0 kB
Bounce:                0 kB
WritebackTmp:          0 kB
CommitLimit:     1810768 kB
Committed_AS:    6942584 kB
VmallocTotal:   34359738367 kB
VmallocUsed:      288136 kB
VmallocChunk:   34359436796 kB
HardwareCorrupted:     0 kB
AnonHugePages:    937984 kB
HugePages_Total:       0
HugePages_Free:        0
HugePages_Rsvd:        0
HugePages_Surp:        0
Hugepagesize:       2048 kB
DirectMap4k:      194052 kB
DirectMap2M:     3567616 kB
DirectMap1G:           0 kB


CPU:total 2 (2 cores per cpu, 1 threads per core) family 20 model 2 stepping 0, cmov, cx8, fxsr, mmx, sse, sse2, sse3, ssse3, popcnt, mmxext, lzcnt, sse4a, tsc, tscinvbit, tscinv

/proc/cpuinfo:
processor	: 0
vendor_id	: AuthenticAMD
cpu family	: 20
model		: 2
model name	: AMD C-70 APU with Radeon(tm) HD Graphics
stepping	: 0
microcode	: 0x500010d
cpu MHz		: 1000.000
cache size	: 512 KB
physical id	: 0
siblings	: 2
core id		: 0
cpu cores	: 2
apicid		: 0
initial apicid	: 0
fpu		: yes
fpu_exception	: yes
cpuid level	: 6
wp		: yes
flags		: fpu vme de pse tsc msr pae mce cx8 apic sep mtrr pge mca cmov pat pse36 clflush mmx fxsr sse sse2 ht syscall nx mmxext fxsr_opt pdpe1gb rdtscp lm constant_tsc rep_good nopl nonstop_tsc extd_apicid aperfmperf pni monitor ssse3 cx16 popcnt lahf_lm cmp_legacy svm extapic cr8_legacy abm sse4a misalignsse 3dnowprefetch ibs skinit wdt arat cpb hw_pstate npt lbrv svm_lock nrip_save pausefilter vmmcall
bogomips	: 1996.28
TLB size	: 1024 4K pages
clflush size	: 64
cache_alignment	: 64
address sizes	: 36 bits physical, 48 bits virtual
power management: ts ttp tm stc 100mhzsteps hwpstate cpb

processor	: 1
vendor_id	: AuthenticAMD
cpu family	: 20
model		: 2
model name	: AMD C-70 APU with Radeon(tm) HD Graphics
stepping	: 0
microcode	: 0x500010d
cpu MHz		: 1000.000
cache size	: 512 KB
physical id	: 0
siblings	: 2
core id		: 1
cpu cores	: 2
apicid		: 1
initial apicid	: 1
fpu		: yes
fpu_exception	: yes
cpuid level	: 6
wp		: yes
flags		: fpu vme de pse tsc msr pae mce cx8 apic sep mtrr pge mca cmov pat pse36 clflush mmx fxsr sse sse2 ht syscall nx mmxext fxsr_opt pdpe1gb rdtscp lm constant_tsc rep_good nopl nonstop_tsc extd_apicid aperfmperf pni monitor ssse3 cx16 popcnt lahf_lm cmp_legacy svm extapic cr8_legacy abm sse4a misalignsse 3dnowprefetch ibs skinit wdt arat cpb hw_pstate npt lbrv svm_lock nrip_save pausefilter vmmcall
bogomips	: 1996.28
TLB size	: 1024 4K pages
clflush size	: 64
cache_alignment	: 64
address sizes	: 36 bits physical, 48 bits virtual
power management: ts ttp tm stc 100mhzsteps hwpstate cpb



Memory: 4k page, physical 3621540k(230272k free), swap 0k(0k free)

vm_info: Java HotSpot(TM) 64-Bit Server VM (25.45-b02) for linux-amd64 JRE (1.8.0_45-b14), built on Apr 10 2015 10:07:45 by "java_re" with gcc 4.3.0 20080428 (Red Hat 4.3.0-8)

time: Mon Jun 15 17:28:04 2015
elapsed time: 5870 seconds (0d 1h 37m 50s)

